[0.016s] Invoking command in '/home/yuma/ros2_ws/src/build/hello_pkg': /usr/bin/cmake /home/yuma/ros2_ws/src/hello_pkg -DCATKIN_INSTALL_INTO_PREFIX_ROOT=0 -DCMAKE_INSTALL_PREFIX=/home/yuma/ros2_ws/src/install/hello_pkg
[0.368s] -- The C compiler identification is GNU 11.4.0
[1.029s] -- The CXX compiler identification is GNU 11.4.0
[1.384s] -- Detecting C compiler ABI info
[1.519s] -- Detecting C compiler ABI info - done
[1.529s] -- Check for working C compiler: /usr/bin/cc - skipped
[1.531s] -- Detecting C compile features
[1.532s] -- Detecting C compile features - done
[1.538s] -- Detecting CXX compiler ABI info
[1.679s] -- Detecting CXX compiler ABI info - done
[1.694s] -- Check for working CXX compiler: /usr/bin/c++ - skipped
[1.696s] -- Detecting CXX compile features
[1.696s] -- Detecting CXX compile features - done
[1.723s] -- Found ament_cmake: 1.3.10 (/opt/ros/humble/share/ament_cmake/cmake)
[1.932s] -- Found Python3: /usr/bin/python3 (found version "3.10.12") found components: Interpreter 
[2.058s] -- Found rclcpp: 16.0.10 (/opt/ros/humble/share/rclcpp/cmake)
[2.274s] -- Found rosidl_generator_c: 3.1.5 (/opt/ros/humble/share/rosidl_generator_c/cmake)
[2.280s] -- Found rosidl_adapter: 3.1.5 (/opt/ros/humble/share/rosidl_adapter/cmake)
[2.289s] -- Found rosidl_generator_cpp: 3.1.5 (/opt/ros/humble/share/rosidl_generator_cpp/cmake)
[2.307s] -- Using all available rosidl_typesupport_c: rosidl_typesupport_fastrtps_c;rosidl_typesupport_introspection_c
[2.329s] -- Using all available rosidl_typesupport_cpp: rosidl_typesupport_fastrtps_cpp;rosidl_typesupport_introspection_cpp
[2.415s] -- Found rmw_implementation_cmake: 6.1.2 (/opt/ros/humble/share/rmw_implementation_cmake/cmake)
[2.418s] -- Found rmw_fastrtps_cpp: 6.2.7 (/opt/ros/humble/share/rmw_fastrtps_cpp/cmake)
[3.798s] -- Found OpenSSL: /usr/lib/x86_64-linux-gnu/libcrypto.so (found version "3.0.2")  
[4.821s] -- Found FastRTPS: /opt/ros/humble/include  
[7.193s] -- Using RMW implementation 'rmw_fastrtps_cpp' as default
[7.220s] -- Looking for pthread.h
[7.397s] -- Looking for pthread.h - found
[7.397s] -- Performing Test CMAKE_HAVE_LIBC_PTHREAD
[7.549s] -- Performing Test CMAKE_HAVE_LIBC_PTHREAD - Success
[7.552s] -- Found Threads: TRUE  
[7.722s] -- Configuring done
[7.748s] -- Generating done
[7.750s] [33mCMake Warning:
[7.750s]   Manually-specified variables were not used by the project:
[7.750s] 
[7.750s]     CATKIN_INSTALL_INTO_PREFIX_ROOT
[7.750s] 
[7.750s] [0m
[7.751s] -- Build files have been written to: /home/yuma/ros2_ws/src/build/hello_pkg
[7.764s] Invoked command in '/home/yuma/ros2_ws/src/build/hello_pkg' returned '0': /usr/bin/cmake /home/yuma/ros2_ws/src/hello_pkg -DCATKIN_INSTALL_INTO_PREFIX_ROOT=0 -DCMAKE_INSTALL_PREFIX=/home/yuma/ros2_ws/src/install/hello_pkg
[7.768s] Invoking command in '/home/yuma/ros2_ws/src/build/hello_pkg': /usr/bin/cmake --build /home/yuma/ros2_ws/src/build/hello_pkg -- -j12 -l12
[7.823s] [ 50%] [32mBuilding CXX object CMakeFiles/hello.dir/src/hello.cpp.o[0m
[9.398s] gmake[2]: *** [CMakeFiles/hello.dir/build.make:76: CMakeFiles/hello.dir/src/hello.cpp.o] Interrupt
[9.399s] gmake[1]: *** [CMakeFiles/Makefile2:137: CMakeFiles/hello.dir/all] Interrupt
[9.401s] gmake: *** [Makefile:146: all] Interrupt
[9.407s] Invoked command in '/home/yuma/ros2_ws/src/build/hello_pkg' returned '-2': /usr/bin/cmake --build /home/yuma/ros2_ws/src/build/hello_pkg -- -j12 -l12
